#
# There is insufficient memory for the Java Runtime Environment to continue.
# Native memory allocation (mmap) failed to map 536870912 bytes for G1 virtual space
# Possible reasons:
#   The system is out of physical RAM or swap space
#   The process is running with CompressedOops enabled, and the Java Heap may be blocking the growth of the native heap
# Possible solutions:
#   Reduce memory load on the system
#   Increase physical memory or swap space
#   Check if swap backing store is full
#   Decrease Java heap size (-Xmx/-Xms)
#   Decrease number of Java threads
#   Decrease Java thread stack sizes (-Xss)
#   Set larger code cache with -XX:ReservedCodeCacheSize=
#   JVM is running with Zero Based Compressed Oops mode in which the Java heap is
#     placed in the first 32GB address space. The Java Heap base address is the
#     maximum limit for the native heap growth. Please use -XX:HeapBaseMinAddress
#     to set the Java Heap base and to place the Java Heap above 32GB virtual address.
# This output file may be truncated or incomplete.
#
#  Out of Memory Error (os_windows.cpp:3771), pid=11032, tid=1376
#
# JRE version:  (17.0.7+10) (build )
# Java VM: OpenJDK 64-Bit Server VM (17.0.7+10-b829.16, mixed mode, sharing, tiered, compressed oops, compressed class ptrs, g1 gc, windows-amd64)
# No core dump will be written. Minidumps are not enabled by default on client versions of Windows
#

---------------  S U M M A R Y ------------

Command Line: git4idea.http.GitAskPassApp Username for 'https://github.com': 

Host: Intel(R) Core(TM) i5-10400F CPU @ 2.90GHz, 12 cores, 31G,  Windows 10 , 64 bit Build 19041 (10.0.19041.2788)
Time: Sat Jul 29 12:19:29 2023 RTZ 2 (s 10 , 64 bit Build 19041 (10.0.19041.2788) elapsed time: 0.071673 seconds (0d 0h 0m 0s)

---------------  T H R E A D  ---------------

Current thread (0x000001bf38e367e0):  JavaThread "Unknown thread" [_thread_in_vm, id=1376, stack(0x0000008ee6e00000,0x0000008ee6f00000)]

Stack: [0x0000008ee6e00000,0x0000008ee6f00000]
Native frames: (J=compiled Java code, j=interpreted, Vv=VM code, C=native code)
V  [jvm.dll+0x683cca]
V  [jvm.dll+0x8424b4]
V  [jvm.dll+0x843cae]
V  [jvm.dll+0x844313]
V  [jvm.dll+0x24ad2f]
V  [jvm.dll+0x680b99]
V  [jvm.dll+0x67526a]
V  [jvm.dll+0x30b3cb]
V  [jvm.dll+0x312876]
V  [jvm.dll+0x36221e]
V  [jvm.dll+0x36244f]
V  [jvm.dll+0x2e14a8]
V  [jvm.dll+0x2e2414]
V  [jvm.dll+0x814441]
V  [jvm.dll+0x36ffe1]
V  [jvm.dll+0x7f3a1c]
V  [jvm.dll+0x3f305f]
V  [jvm.dll+0x3f4b91]
C  [jli.dll+0x528f]
C  [ucrtbase.dll+0x21bb2]
C  [KERNEL32.DLL+0x17604]
C  [ntdll.dll+0x526a1]


---------------  P R O C E S S  ---------------

Threads class SMR info:
_java_thread_list=0x00007ffd1908b098, length=0, elements={
}

Java Threads: ( => current thread )

Other Threads:
  0x000001bf38eed1f0 GCTaskThread "GC Thread#0" [stack: 0x0000008ee7400000,0x0000008ee7500000] [id=32924]
  0x000001bf38efef20 ConcurrentGCThread "G1 Main Marker" [stack: 0x0000008ee7500000,0x0000008ee7600000] [id=16508]
  0x000001bf38eff930 ConcurrentGCThread "G1 Conc#0" [stack: 0x0000008ee7600000,0x0000008ee7700000] [id=32336]

[error occurred during error reporting (printing all threads), id 0xc0000005, EXCEPTION_ACCESS_VIOLATION (0xc0000005) at pc=0x00007ffd18842087]

VM state: not at safepoint (not fully initialized)

VM Mutex/Monitor currently owned by a thread:  ([mutex/lock_event])
[0x000001bf38e31b60] Heap_lock - owner thread: 0x000001bf38e367e0

Heap address: 0x0000000602400000, size: 8156 MB, Compressed Oops mode: Zero based, Oop shift amount: 3

CDS archive(s) mapped at: [0x0000000000000000-0x0000000000000000-0x0000000000000000), size 0, SharedBaseAddress: 0x0000000800000000, ArchiveRelocationMode: 0.
Narrow klass base: 0x0000000000000000, Narrow klass shift: 0, Narrow klass range: 0x0

GC Precious Log:
<Empty>

Heap:
 garbage-first heap   total 0K, used 0K [0x0000000602400000, 0x0000000800000000)
  region size 4096K, 0 young (0K), 0 survivors (0K)

[error occurred during error reporting (printing heap information), id 0xc0000005, EXCEPTION_ACCESS_VIOLATION (0xc0000005) at pc=0x00007ffd18c2df59]

GC Heap History (0 events):
No events

Dll operation events (1 events):
Event: 0.005 Loaded shared library C:\Users\a.pytskiy\AppData\Local\JetBrains\PyCharm Community Edition 2023.1.3\jbr\bin\java.dll

Deoptimization events (0 events):
No events

Classes unloaded (0 events):
No events

Classes redefined (0 events):
No events

Internal exceptions (0 events):
No events

VM Operations (0 events):
No events

Events (0 events):
No events


Dynamic libraries:
0x00007ff66f2a0000 - 0x00007ff66f2aa000 	C:\Users\a.pytskiy\AppData\Local\JetBrains\PyCharm Community Edition 2023.1.3\jbr\bin\java.exe
0x00007ffdcfc70000 - 0x00007ffdcfe68000 	C:\WINDOWS\SYSTEM32\ntdll.dll
0x00007ffdceb70000 - 0x00007ffdcec2f000 	C:\WINDOWS\System32\KERNEL32.DLL
0x00007ffdcd530000 - 0x00007ffdcd80a000 	C:\WINDOWS\System32\KERNELBASE.dll
0x00007ffdcd350000 - 0x00007ffdcd450000 	C:\WINDOWS\System32\ucrtbase.dll
0x00007ffdbe0d0000 - 0x00007ffdbe0e7000 	C:\Users\a.pytskiy\AppData\Local\JetBrains\PyCharm Community Edition 2023.1.3\jbr\bin\jli.dll
0x00007ffdb9c50000 - 0x00007ffdb9c6b000 	C:\Users\a.pytskiy\AppData\Local\JetBrains\PyCharm Community Edition 2023.1.3\jbr\bin\VCRUNTIME140.dll
0x00007ffdce110000 - 0x00007ffdce2ad000 	C:\WINDOWS\System32\USER32.dll
0x00007ffdcd500000 - 0x00007ffdcd522000 	C:\WINDOWS\System32\win32u.dll
0x00007ffdbaf60000 - 0x00007ffdbb1fa000 	C:\WINDOWS\WinSxS\amd64_microsoft.windows.common-controls_6595b64144ccf1df_6.0.19041.1110_none_60b5254171f9507e\COMCTL32.dll
0x00007ffdcdcb0000 - 0x00007ffdcdcdb000 	C:\WINDOWS\System32\GDI32.dll
0x00007ffdce2b0000 - 0x00007ffdce34e000 	C:\WINDOWS\System32\msvcrt.dll
0x00007ffdcdb90000 - 0x00007ffdcdca0000 	C:\WINDOWS\System32\gdi32full.dll
0x00007ffdcdaa0000 - 0x00007ffdcdb3d000 	C:\WINDOWS\System32\msvcp_win.dll
0x00007ffdcf230000 - 0x00007ffdcf260000 	C:\WINDOWS\System32\IMM32.DLL
0x00007ffdcba40000 - 0x00007ffdcbc94000 	C:\WINDOWS\SYSTEM32\UMInterceptors_x64.dll
0x00007ffdcf260000 - 0x00007ffdcf9a4000 	C:\WINDOWS\System32\SHELL32.dll
0x00007ffdce960000 - 0x00007ffdcea8a000 	C:\WINDOWS\System32\ole32.dll
0x00007ffdcfad0000 - 0x00007ffdcfbf6000 	C:\WINDOWS\System32\RPCRT4.dll
0x00007ffdceed0000 - 0x00007ffdcf224000 	C:\WINDOWS\System32\combase.dll
0x00007ffdce890000 - 0x00007ffdce95d000 	C:\WINDOWS\System32\OLEAUT32.dll
0x00007ffdcec30000 - 0x00007ffdcecde000 	C:\WINDOWS\System32\ADVAPI32.dll
0x00007ffdcdd90000 - 0x00007ffdcde2c000 	C:\WINDOWS\System32\sechost.dll
0x00007ffdcde40000 - 0x00007ffdcde95000 	C:\WINDOWS\System32\SHLWAPI.dll
0x00007ffdce350000 - 0x00007ffdce3bb000 	C:\WINDOWS\System32\WS2_32.dll
0x00007ffdce420000 - 0x00007ffdce888000 	C:\WINDOWS\System32\SETUPAPI.dll
0x00007ffdcb8f0000 - 0x00007ffdcb8fa000 	C:\WINDOWS\SYSTEM32\VERSION.dll
0x00007ffdcdb40000 - 0x00007ffdcdb8e000 	C:\WINDOWS\System32\cfgmgr32.dll
0x00007ffdcda70000 - 0x00007ffdcda97000 	C:\WINDOWS\System32\bcrypt.dll
0x00007ffdcc720000 - 0x00007ffdcc75c000 	C:\WINDOWS\SYSTEM32\IPHLPAPI.DLL
0x00007ffdcb8d0000 - 0x00007ffdcb8ed000 	C:\WINDOWS\SYSTEM32\MPR.dll
0x00007ffdcb100000 - 0x00007ffdcb112000 	C:\WINDOWS\SYSTEM32\kernel.appcore.dll
0x00007ffdc8c60000 - 0x00007ffdc8c6c000 	C:\Users\a.pytskiy\AppData\Local\JetBrains\PyCharm Community Edition 2023.1.3\jbr\bin\vcruntime140_1.dll
0x00007ffd51920000 - 0x00007ffd519ad000 	C:\Users\a.pytskiy\AppData\Local\JetBrains\PyCharm Community Edition 2023.1.3\jbr\bin\msvcp140.dll
0x00007ffd18550000 - 0x00007ffd191be000 	C:\Users\a.pytskiy\AppData\Local\JetBrains\PyCharm Community Edition 2023.1.3\jbr\bin\server\jvm.dll
0x00007ffdc1b60000 - 0x00007ffdc1b87000 	C:\WINDOWS\SYSTEM32\WINMM.dll
0x00007ffdbb200000 - 0x00007ffdbb209000 	C:\WINDOWS\SYSTEM32\WSOCK32.dll
0x00007ffdbf940000 - 0x00007ffdbf94a000 	C:\Users\a.pytskiy\AppData\Local\JetBrains\PyCharm Community Edition 2023.1.3\jbr\bin\jimage.dll
0x00007ffdcaa10000 - 0x00007ffdcabf4000 	C:\WINDOWS\SYSTEM32\DBGHELP.DLL
0x00007ffdbd600000 - 0x00007ffdbd634000 	C:\WINDOWS\SYSTEM32\dbgcore.DLL
0x00007ffdcd810000 - 0x00007ffdcd892000 	C:\WINDOWS\System32\bcryptPrimitives.dll
0x00007ffdbf910000 - 0x00007ffdbf935000 	C:\Users\a.pytskiy\AppData\Local\JetBrains\PyCharm Community Edition 2023.1.3\jbr\bin\java.dll
0x00007ffdcc470000 - 0x00007ffdcc4a3000 	C:\WINDOWS\SYSTEM32\ntmarta.dll

dbghelp: loaded successfully - version: 4.0.5 - missing functions: none
symbol engine: initialized successfully - sym options: 0x614 - pdb path: .;C:\Users\a.pytskiy\AppData\Local\JetBrains\PyCharm Community Edition 2023.1.3\jbr\bin;C:\WINDOWS\SYSTEM32;C:\WINDOWS\WinSxS\amd64_microsoft.windows.common-controls_6595b64144ccf1df_6.0.19041.1110_none_60b5254171f9507e;C:\Users\a.pytskiy\AppData\Local\JetBrains\PyCharm Community Edition 2023.1.3\jbr\bin\server

VM Arguments:
java_command: git4idea.http.GitAskPassApp Username for 'https://github.com': 
java_class_path (initial): C:/Users/a.pytskiy/AppData/Local/JetBrains/PyCharm Community Edition 2023.1.3/plugins/vcs-git/lib/git4idea-rt.jar;C:/Users/a.pytskiy/AppData/Local/JetBrains/PyCharm Community Edition 2023.1.3/lib/externalProcess-rt.jar
Launcher Type: SUN_STANDARD

[Global flags]
     intx CICompilerCount                          = 4                                         {product} {ergonomic}
     uint ConcGCThreads                            = 3                                         {product} {ergonomic}
     uint G1ConcRefinementThreads                  = 10                                        {product} {ergonomic}
   size_t G1HeapRegionSize                         = 4194304                                   {product} {ergonomic}
    uintx GCDrainStackTargetSize                   = 64                                        {product} {ergonomic}
   size_t InitialHeapSize                          = 536870912                                 {product} {ergonomic}
   size_t MarkStackSize                            = 4194304                                   {product} {ergonomic}
   size_t MaxHeapSize                              = 8552185856                                {product} {ergonomic}
   size_t MinHeapDeltaBytes                        = 4194304                                   {product} {ergonomic}
   size_t MinHeapSize                              = 8388608                                   {product} {ergonomic}
    uintx NonNMethodCodeHeapSize                   = 5839372                                {pd product} {ergonomic}
    uintx NonProfiledCodeHeapSize                  = 122909434                              {pd product} {ergonomic}
    uintx ProfiledCodeHeapSize                     = 122909434                              {pd product} {ergonomic}
    uintx ReservedCodeCacheSize                    = 251658240                              {pd product} {ergonomic}
     bool SegmentedCodeCache                       = true                                      {product} {ergonomic}
   size_t SoftMaxHeapSize                          = 8552185856                             {manageable} {ergonomic}
     bool UseCompressedClassPointers               = true                           {product lp64_product} {ergonomic}
     bool UseCompressedOops                        = true                           {product lp64_product} {ergonomic}
     bool UseG1GC                                  = true                                      {product} {ergonomic}
     bool UseLargePagesIndividualAllocation        = false                                  {pd product} {ergonomic}

Logging:
Log output configuration:
 #0: stdout all=warning uptime,level,tags
 #1: stderr all=off uptime,level,tags

Environment Variables:
PATH=C:/Users/a.pytskiy/AppData/Local/Programs/Git/mingw64/libexec/git-core;C:/Users/a.pytskiy/AppData/Local/Programs/Git/mingw64/libexec/git-core;C:\Users\a.pytskiy\AppData\Local\Programs\Git\mingw64\bin;C:\Users\a.pytskiy\AppData\Local\Programs\Git\usr\bin;C:\Users\a.pytskiy\bin;\\MOW1SRVVFS02\Disk_L$\╨Ю╨в╨Ф╨Х╨Ы╨л\╨Ю╨в╨Ф╨Х╨Ы ╨д╨Ш╨Ы╨Ш╨Р╨Ы╨Ю╨Т ╨╕ ╨Я╨а╨Х╨Ф╨б╨в╨Р╨Т╨Ш╨в╨Х╨Ы╨м╨б╨в╨Т\╨Ь╨░╤А╨║╨╡╤В╨╕╨╜╨│╨╛╨▓╤Л╨╣ ╤Б╨╛╤О╨╖\╨Ю╤В╤З╤С╤В╤Л\!Python projects\test venv\venv\Scripts;C:\WINDOWS\system32;C:\WINDOWS;C:\WINDOWS\System32\Wbem;C:\WINDOWS\System32\WindowsPowerShell\v1.0\;C:\WINDOWS\System32\OpenSSH\;C:\Program Files (x86)\NVIDIA Corporation\PhysX\Common;C:\WINDOWS\system32;C:\WINDOWS;C:\WINDOWS\System32\Wbem;C:\WINDOWS\System32\WindowsPowerShell\v1.0\;C:\WINDOWS\System32\OpenSSH\;C:\Program Files\PuTTY\;C:\Users\a.pytskiy\AppData\Local\Microsoft\WindowsApps;C:\Users\a.pytskiy\AppData\Local\Programs\Git\cmd
USERNAME=a.pytskiy
DISPLAY=:0.0
LC_ALL=en_US.UTF-8
TERM=xterm-256color
TMPDIR=C:\Users\A853E~1.PYT\AppData\Local\Temp
OS=Windows_NT
PROCESSOR_IDENTIFIER=Intel64 Family 6 Model 165 Stepping 3, GenuineIntel
TMP=C:\Users\A853E~1.PYT\AppData\Local\Temp
TEMP=C:\Users\A853E~1.PYT\AppData\Local\Temp


JNI global refs:

[error occurred during error reporting (JNI global references), id 0xc0000005, EXCEPTION_ACCESS_VIOLATION (0xc0000005) at pc=0x00007ffd18607fc0]


---------------  S Y S T E M  ---------------

OS:
 Windows 10 , 64 bit Build 19041 (10.0.19041.2788)
OS uptime: 9 days 16:23 hours

CPU: total 12 (initial active 12) (6 cores per cpu, 2 threads per core) family 6 model 165 stepping 3 microcode 0xea, cx8, cmov, fxsr, ht, mmx, 3dnowpref, sse, sse2, sse3, ssse3, sse4.1, sse4.2, popcnt, lzcnt, tsc, tscinvbit, avx, avx2, aes, erms, clmul, bmi1, bmi2, adx, fma, vzeroupper, clflush, clflushopt

Memory: 4k page, system-wide physical 32616M (1914M free)
TotalPageFile size 61093M (AvailPageFile size 257M)
current process WorkingSet (physical memory assigned to process): 14M, peak: 14M
current process commit charge ("private bytes"): 66M, peak: 578M

vm_info: OpenJDK 64-Bit Server VM (17.0.7+10-b829.16) for windows-amd64 JRE (17.0.7+10-b829.16), built on 2023-06-02 by "builduser" with MS VC++ 16.10 / 16.11 (VS2019)

END.
